0 info it worked if it ends with ok
1 verbose cli [ '/usr/bin/node', '/usr/bin/npm', 'run', 'start' ]
2 info using npm@3.5.2
3 info using node@v8.10.0
4 verbose run-script [ 'prestart', 'start', 'poststart' ]
5 info lifecycle kin.app.redirect@0.1.0~prestart: kin.app.redirect@0.1.0
6 silly lifecycle kin.app.redirect@0.1.0~prestart: no script for prestart, continuing
7 info lifecycle kin.app.redirect@0.1.0~start: kin.app.redirect@0.1.0
8 verbose lifecycle kin.app.redirect@0.1.0~start: unsafe-perm in lifecycle true
9 verbose lifecycle kin.app.redirect@0.1.0~start: PATH: /usr/share/npm/bin/node-gyp-bin:/d/Work/Kin/kin.app.redirect/node_modules/.bin:/home/rolf/.local/bin:/usr/local/sbin:/usr/local/bin:/usr/sbin:/usr/bin:/sbin:/bin:/usr/games:/usr/local/games:/c/ProgramData/DockerDesktop/version-bin:/c/Program Files/Docker/Docker/resources/bin:/c/Program Files (x86)/Common Files/Oracle/Java/javapath_target_773515:/c/Windows/System32:/c/Windows:/c/Windows/System32/wbem:/c/Windows/System32/WindowsPowerShell/v1.0:/c/ProgramData/chocolatey/bin:/c/Program Files/nodejs:/c/Program Files/Microsoft VS Code/bin:/c/Program Files/Git/cmd:/c/Program Files/dotnet:/c/Program Files/Microsoft SQL Server/130/Tools/Binn:/c/Windows/System32/OpenSSH:/c/Var/Go/bin:/c/Program Files/TortoiseGit/bin:/c/Program Files/Amazon/AWSCLI:/c/Users/rolfw/AppData/Local/Microsoft/WindowsApps:/c/Users/rolfw/AppData/Roaming/npm:/c/Users/rolfw/.dotnet/tools:/c/Users/rolfw/AppData/Local/Microsoft/WindowsApps:/snap/bin
10 verbose lifecycle kin.app.redirect@0.1.0~start: CWD: /d/Work/Kin/kin.app.redirect
11 silly lifecycle kin.app.redirect@0.1.0~start: Args: [ '-c', 'gulp start' ]
12 silly lifecycle kin.app.redirect@0.1.0~start: Returned: code: 1  signal: null
13 info lifecycle kin.app.redirect@0.1.0~start: Failed to exec start script
14 verbose stack Error: kin.app.redirect@0.1.0 start: `gulp start`
14 verbose stack Exit status 1
14 verbose stack     at EventEmitter.<anonymous> (/usr/share/npm/lib/utils/lifecycle.js:232:16)
14 verbose stack     at emitTwo (events.js:126:13)
14 verbose stack     at EventEmitter.emit (events.js:214:7)
14 verbose stack     at ChildProcess.<anonymous> (/usr/share/npm/lib/utils/spawn.js:24:14)
14 verbose stack     at emitTwo (events.js:126:13)
14 verbose stack     at ChildProcess.emit (events.js:214:7)
14 verbose stack     at maybeClose (internal/child_process.js:925:16)
14 verbose stack     at Process.ChildProcess._handle.onexit (internal/child_process.js:209:5)
15 verbose pkgid kin.app.redirect@0.1.0
16 verbose cwd /d/Work/Kin/kin.app.redirect
17 error Linux 4.4.0-17134-Microsoft
18 error argv "/usr/bin/node" "/usr/bin/npm" "run" "start"
19 error node v8.10.0
20 error npm  v3.5.2
21 error code ELIFECYCLE
22 error kin.app.redirect@0.1.0 start: `gulp start`
22 error Exit status 1
23 error Failed at the kin.app.redirect@0.1.0 start script 'gulp start'.
23 error Make sure you have the latest version of node.js and npm installed.
23 error If you do, this is most likely a problem with the kin.app.redirect package,
23 error not with npm itself.
23 error Tell the author that this fails on your system:
23 error     gulp start
23 error You can get information on how to open an issue for this project with:
23 error     npm bugs kin.app.redirect
23 error Or if that isn't available, you can get their info via:
23 error     npm owner ls kin.app.redirect
23 error There is likely additional logging output above.
24 verbose exit [ 1, true ]
